"ptus" merupakan sebuah fungsi yang belum dideklarasi. Apakah yang dimaksud adalah "puts"?
"ptus" merupakan sebuah fungsi yang belum dideklarasi. Apakah yang dimaksud adalah "puts"?
"ptus" merupakan sebuah fungsi yang belum dideklarasi. Apakah yang dimaksud adalah "puts"?
"ptus" merupakan sebuah fungsi yang belum dideklarasi. Apakah yang dimaksud adalah "puts"?
"rpintf" merupakan sebuah fungsi yang belum dideklarasi. Apakah yang dimaksud adalah "printf"?
"rpintf" merupakan sebuah fungsi yang belum dideklarasi. Apakah yang dimaksud adalah "printf"?
"rpintf" merupakan sebuah fungsi yang belum dideklarasi. Apakah yang dimaksud adalah "printf"?
"ptus" merupakan sebuah fungsi yang belum dideklarasi. Apakah yang dimaksud adalah "puts"?
"ptus" merupakan sebuah fungsi yang belum dideklarasi. Apakah yang dimaksud adalah "puts"?
"ptus" merupakan sebuah fungsi yang belum dideklarasi. Apakah yang dimaksud adalah "puts"?
"ptus" merupakan sebuah fungsi yang belum dideklarasi. Apakah yang dimaksud adalah "puts"?
"ptus" merupakan sebuah fungsi yang belum dideklarasi. Apakah yang dimaksud adalah "puts"?
"rpintf" merupakan sebuah fungsi yang belum dideklarasi. Apakah yang dimaksud adalah "printf"?
"rpintf" merupakan sebuah fungsi yang belum dideklarasi. Apakah yang dimaksud adalah "printf"?
"rpintf" merupakan sebuah fungsi yang belum dideklarasi. Apakah yang dimaksud adalah "printf"?
"ptus" merupakan sebuah fungsi yang belum dideklarasi. Apakah yang dimaksud adalah "puts"?
"ptus" merupakan sebuah fungsi yang belum dideklarasi. Apakah yang dimaksud adalah "puts"?
"ptus" merupakan sebuah fungsi yang belum dideklarasi. Apakah yang dimaksud adalah "puts"?
"ptus" merupakan sebuah fungsi yang belum dideklarasi. Apakah yang dimaksud adalah "puts"?
"rpintf" merupakan sebuah fungsi yang belum dideklarasi. Apakah yang dimaksud adalah "printf"?
"rpintf" merupakan sebuah fungsi yang belum dideklarasi. Apakah yang dimaksud adalah "printf"?
"rpintf" merupakan sebuah fungsi yang belum dideklarasi. Apakah yang dimaksud adalah "printf"?
"ptus" merupakan sebuah fungsi yang belum dideklarasi. Apakah yang dimaksud adalah "puts"?
"ptus" merupakan sebuah fungsi yang belum dideklarasi. Apakah yang dimaksud adalah "puts"?
"ptus" merupakan sebuah fungsi yang belum dideklarasi. Apakah yang dimaksud adalah "puts"?
"ptus" merupakan sebuah fungsi yang belum dideklarasi. Apakah yang dimaksud adalah "puts"?
"ptus" merupakan sebuah fungsi yang belum dideklarasi. Apakah yang dimaksud adalah "puts"?
"ptus" merupakan sebuah fungsi yang belum dideklarasi. Apakah yang dimaksud adalah "puts"?
"rpintf" merupakan sebuah fungsi yang belum dideklarasi. Apakah yang dimaksud adalah "printf"?
"ptus" merupakan sebuah fungsi yang belum dideklarasi. Apakah yang dimaksud adalah "puts"?
"rpintf" merupakan sebuah fungsi yang belum dideklarasi. Apakah yang dimaksud adalah "printf"?
"topuper" merupakan sebuah fungsi yang belum dideklarasi. Apakah yang dimaksud adalah "toupper"?
"bjsrang" merupakan sebuah fungsi yang belum dideklarasi. Apakah yang dimaksud adalah "bjrsang"?
"spgPjg" merupakan sebuah fungsi yang belum dideklarasi. Apakah yang dimaksud adalah "psgPjg"?
"ptus" merupakan sebuah fungsi yang belum dideklarasi. Apakah yang dimaksud adalah "puts"?
time: 30.550863
TP: 35
TN: 6
FP: 0
FN: 0
TP_C: 35
TN_C: 6
FP_C: 0
FN_C: 0
TP_S: 0
TN_S: 41
FP_S: 0
FN_S: 0
ACC: 1.000000
