"streln" merupakan sebuah fungsi yang belum dideklarasi. Apakah yang dimaksud adalah "strlen"?
"isppuer" merupakan sebuah fungsi yang belum dideklarasi. Apakah yang dimaksud adalah "isupper"?
"streln" merupakan sebuah fungsi yang belum dideklarasi. Apakah yang dimaksud adalah "strlen"?
"isapsce" merupakan sebuah fungsi yang belum dideklarasi. Apakah yang dimaksud adalah "isspace"?
"isnlaum" merupakan sebuah fungsi yang belum dideklarasi. Apakah yang dimaksud adalah "isalnum"?
"meommve" merupakan sebuah fungsi yang belum dideklarasi. Apakah yang dimaksud adalah "memmove"?
"streln" merupakan sebuah fungsi yang belum dideklarasi. Apakah yang dimaksud adalah "strlen"?
"streln" merupakan sebuah fungsi yang belum dideklarasi. Apakah yang dimaksud adalah "strlen"?
"isapsce" merupakan sebuah fungsi yang belum dideklarasi. Apakah yang dimaksud adalah "isspace"?
"meommve" merupakan sebuah fungsi yang belum dideklarasi. Apakah yang dimaksud adalah "memmove"?
"streln" merupakan sebuah fungsi yang belum dideklarasi. Apakah yang dimaksud adalah "strlen"?
"isapsce" merupakan sebuah fungsi yang belum dideklarasi. Apakah yang dimaksud adalah "isspace"?
"isapsce" merupakan sebuah fungsi yang belum dideklarasi. Apakah yang dimaksud adalah "isspace"?
"trel_ft" merupakan sebuah fungsi yang belum dideklarasi. Apakah yang dimaksud adalah "tr_left"?
time: 12.222714
TP: 14
TN: 3
FP: 0
FN: 0
TP_C: 14
TN_C: 3
FP_C: 0
FN_C: 0
TP_S: 0
TN_S: 16
FP_S: 0
FN_S: 1
ACC: 1.000000
