"streln" merupakan sebuah fungsi yang belum dideklarasi.
"isppuer" merupakan sebuah fungsi yang belum dideklarasi.
"streln" merupakan sebuah fungsi yang belum dideklarasi.
"isapsce" merupakan sebuah fungsi yang belum dideklarasi.
"isnlaum" merupakan sebuah fungsi yang belum dideklarasi.
"meommve" merupakan sebuah fungsi yang belum dideklarasi.
"streln" merupakan sebuah fungsi yang belum dideklarasi.
"streln" merupakan sebuah fungsi yang belum dideklarasi.
"isapsce" merupakan sebuah fungsi yang belum dideklarasi.
"meommve" merupakan sebuah fungsi yang belum dideklarasi.
"streln" merupakan sebuah fungsi yang belum dideklarasi.
"isapsce" merupakan sebuah fungsi yang belum dideklarasi.
"isapsce" merupakan sebuah fungsi yang belum dideklarasi.
"trel_ft" merupakan sebuah fungsi yang belum dideklarasi.
time: 0.000390
TP: 14
TN: 3
FP: 0
FN: 0
TP_C: 0
TN_C: 3
FP_C: 14
FN_C: 0
TP_S: 0
TN_S: 16
FP_S: 0
FN_S: 1
ACC: 1.000000
