"ftlle" merupakan sebuah fungsi yang belum dideklarasi.
"newird" merupakan sebuah fungsi yang belum dideklarasi.
"isxeh" merupakan sebuah fungsi yang belum dideklarasi.
"otrtsl" merupakan sebuah fungsi yang belum dideklarasi.
"fonep" merupakan sebuah fungsi yang belum dideklarasi.
"oallmc" merupakan sebuah fungsi yang belum dideklarasi.
"frdae" merupakan sebuah fungsi yang belum dideklarasi.
"newird" merupakan sebuah fungsi yang belum dideklarasi.
"sclofe" merupakan sebuah fungsi yang belum dideklarasi.
"newird" merupakan sebuah fungsi yang belum dideklarasi.
"twrife" merupakan sebuah fungsi yang belum dideklarasi.
"newird" merupakan sebuah fungsi yang belum dideklarasi.
"frdae" merupakan sebuah fungsi yang belum dideklarasi.
"oerrfr" merupakan sebuah fungsi yang belum dideklarasi.
"isxeh" merupakan sebuah fungsi yang belum dideklarasi.
"fgcte" merupakan sebuah fungsi yang belum dideklarasi.
time: 0.001289
TP: 16
TN: 9
FP: 0
FN: 0
TP_C: 0
TN_C: 9
FP_C: 16
FN_C: 0
TP_S: 0
TN_S: 25
FP_S: 0
FN_S: 0
ACC: 1.000000
