"strpcy" merupakan sebuah fungsi yang belum dideklarasi. Apakah yang dimaksud adalah "strcpy"?
"strnel" merupakan sebuah fungsi yang belum dideklarasi. Apakah yang dimaksud adalah "strlen"?
"stlen" merupakan sebuah fungsi yang belum dideklarasi. Apakah yang dimaksud adalah "strlen"?
"reAlloc" merupakan sebuah fungsi yang belum dideklarasi. Apakah yang dimaksud adalah "realloc"?
"repla" merupakan sebuah fungsi yang belum dideklarasi. Apakah yang dimaksud adalah "replace"?
"len" merupakan sebuah fungsi yang belum dideklarasi.
time: 1.343830
TP: 6
TN: 8
FP: 0
FN: 0
TP_C: 5
TN_C: 8
FP_C: 1
FN_C: 0
TP_S: 0
TN_S: 14
FP_S: 0
FN_S: 0
ACC: 1.000000
