"mketsmp" merupakan sebuah fungsi yang belum dideklarasi.
"fial" merupakan sebuah fungsi yang belum dideklarasi.
"unlnik" merupakan sebuah fungsi yang belum dideklarasi.
"fial" merupakan sebuah fungsi yang belum dideklarasi.
"fial" merupakan sebuah fungsi yang belum dideklarasi.
"fial" merupakan sebuah fungsi yang belum dideklarasi.
"fial" merupakan sebuah fungsi yang belum dideklarasi.
"fial" merupakan sebuah fungsi yang belum dideklarasi.
"fial" merupakan sebuah fungsi yang belum dideklarasi.
"malolc" merupakan sebuah fungsi yang belum dideklarasi.
"munamp" merupakan sebuah fungsi yang belum dideklarasi.
"fere" merupakan sebuah fungsi yang belum dideklarasi.
"mempcy" merupakan sebuah fungsi yang belum dideklarasi.
time: 0.002104
TP: 13
TN: 7
FP: 0
FN: 0
TP_C: 0
TN_C: 7
FP_C: 13
FN_C: 0
TP_S: 0
TN_S: 20
FP_S: 0
FN_S: 0
ACC: 1.000000
