"dtrsup" merupakan sebuah fungsi yang belum dideklarasi.
"ttrsok" merupakan sebuah fungsi yang belum dideklarasi.
"ltrsen" merupakan sebuah fungsi yang belum dideklarasi.
"ltrsen" merupakan sebuah fungsi yang belum dideklarasi.
"lalmoc" merupakan sebuah fungsi yang belum dideklarasi.
"fere" merupakan sebuah fungsi yang belum dideklarasi.
"spritnf" merupakan sebuah fungsi yang belum dideklarasi.
"fere" merupakan sebuah fungsi yang belum dideklarasi.
"ttrsok" merupakan sebuah fungsi yang belum dideklarasi.
"fere" merupakan sebuah fungsi yang belum dideklarasi.
"fere" merupakan sebuah fungsi yang belum dideklarasi.
"eetgnv" merupakan sebuah fungsi yang belum dideklarasi.
time: 0.002007
TP: 12
TN: 1
FP: 0
FN: 0
TP_C: 0
TN_C: 1
FP_C: 12
FN_C: 0
TP_S: 0
TN_S: 12
FP_S: 0
FN_S: 1
ACC: 1.000000
