"htTPgKP" merupakan sebuah fungsi yang belum dideklarasi. Apakah yang dimaksud adalah "htgPTKP"?
"sysetm" merupakan sebuah fungsi yang belum dideklarasi. Apakah yang dimaksud adalah "system"?
"htTPgKP" merupakan sebuah fungsi yang belum dideklarasi. Apakah yang dimaksud adalah "htgPTKP"?
"sysetm" merupakan sebuah fungsi yang belum dideklarasi. Apakah yang dimaksud adalah "system"?
"sysetm" merupakan sebuah fungsi yang belum dideklarasi. Apakah yang dimaksud adalah "system"?
"htTPgKP" merupakan sebuah fungsi yang belum dideklarasi. Apakah yang dimaksud adalah "htgPTKP"?
"sysetm" merupakan sebuah fungsi yang belum dideklarasi. Apakah yang dimaksud adalah "system"?
"htgKPP" merupakan sebuah fungsi yang belum dideklarasi. Apakah yang dimaksud adalah "htgPKP"?
"sysetm" merupakan sebuah fungsi yang belum dideklarasi. Apakah yang dimaksud adalah "system"?
time: 1.432049
TP: 9
TN: 0
FP: 0
FN: 0
TP_C: 9
TN_C: 0
FP_C: 0
FN_C: 0
TP_S: 0
TN_S: 9
FP_S: 0
FN_S: 0
ACC: 1.000000
