"htTPgKP" merupakan sebuah fungsi yang belum dideklarasi.
"sysetm" merupakan sebuah fungsi yang belum dideklarasi.
"htTPgKP" merupakan sebuah fungsi yang belum dideklarasi.
"sysetm" merupakan sebuah fungsi yang belum dideklarasi.
"sysetm" merupakan sebuah fungsi yang belum dideklarasi.
"htTPgKP" merupakan sebuah fungsi yang belum dideklarasi.
"sysetm" merupakan sebuah fungsi yang belum dideklarasi.
"htgKPP" merupakan sebuah fungsi yang belum dideklarasi.
"sysetm" merupakan sebuah fungsi yang belum dideklarasi.
time: 0.000479
TP: 9
TN: 0
FP: 0
FN: 0
TP_C: 0
TN_C: 0
FP_C: 9
FN_C: 0
TP_S: 0
TN_S: 9
FP_S: 0
FN_S: 0
ACC: 1.000000
