"trinpf" merupakan sebuah fungsi yang belum dideklarasi. Apakah yang dimaksud adalah "printf"?
"trinpf" merupakan sebuah fungsi yang belum dideklarasi. Apakah yang dimaksud adalah "printf"?
"trinpf" merupakan sebuah fungsi yang belum dideklarasi. Apakah yang dimaksud adalah "printf"?
"scfna" merupakan sebuah fungsi yang belum dideklarasi. Apakah yang dimaksud adalah "scanf"?
"scfna" merupakan sebuah fungsi yang belum dideklarasi. Apakah yang dimaksud adalah "scanf"?
"scfna" merupakan sebuah fungsi yang belum dideklarasi. Apakah yang dimaksud adalah "scanf"?
time: 7.440568
TP: 6
TN: 5
FP: 0
FN: 0
TP_C: 6
TN_C: 5
FP_C: 0
FN_C: 0
TP_S: 0
TN_S: 11
FP_S: 0
FN_S: 0
ACC: 1.000000
