"pritnf" merupakan sebuah fungsi yang belum dideklarasi.
"pritnf" merupakan sebuah fungsi yang belum dideklarasi.
"pritnf" merupakan sebuah fungsi yang belum dideklarasi.
"pritnf" merupakan sebuah fungsi yang belum dideklarasi.
"pritnf" merupakan sebuah fungsi yang belum dideklarasi.
"pritnf" merupakan sebuah fungsi yang belum dideklarasi.
"ptus" merupakan sebuah fungsi yang belum dideklarasi.
"ptus" merupakan sebuah fungsi yang belum dideklarasi.
"ptus" merupakan sebuah fungsi yang belum dideklarasi.
"toppuer" merupakan sebuah fungsi yang belum dideklarasi.
"ptus" merupakan sebuah fungsi yang belum dideklarasi.
"BjgSrkr" merupakan sebuah fungsi yang belum dideklarasi.
"ptus" merupakan sebuah fungsi yang belum dideklarasi.
"ptus" merupakan sebuah fungsi yang belum dideklarasi.
"PsgjPg" merupakan sebuah fungsi yang belum dideklarasi.
"ptus" merupakan sebuah fungsi yang belum dideklarasi.
"ptus" merupakan sebuah fungsi yang belum dideklarasi.
time: 0.000623
TP: 17
TN: 6
FP: 0
FN: 0
TP_C: 0
TN_C: 6
FP_C: 17
FN_C: 0
TP_S: 0
TN_S: 23
FP_S: 0
FN_S: 0
ACC: 1.000000
