"spnirtf" merupakan sebuah fungsi yang belum dideklarasi.
"perorr" merupakan sebuah fungsi yang belum dideklarasi.
"renmae" merupakan sebuah fungsi yang belum dideklarasi.
"filneo" merupakan sebuah fungsi yang belum dideklarasi.
"oepn" merupakan sebuah fungsi yang belum dideklarasi.
"filneo" merupakan sebuah fungsi yang belum dideklarasi.
"fchwon" merupakan sebuah fungsi yang belum dideklarasi.
"lchwon" merupakan sebuah fungsi yang belum dideklarasi.
"fspo_en" merupakan sebuah fungsi yang belum dideklarasi.
"fspo_en" merupakan sebuah fungsi yang belum dideklarasi.
"fclsoe" merupakan sebuah fungsi yang belum dideklarasi.
"fspo_en" merupakan sebuah fungsi yang belum dideklarasi.
"fwrtie" merupakan sebuah fungsi yang belum dideklarasi.
"fspo_en" merupakan sebuah fungsi yang belum dideklarasi.
"fclsoe" merupakan sebuah fungsi yang belum dideklarasi.
"streln" merupakan sebuah fungsi yang belum dideklarasi.
"streln" merupakan sebuah fungsi yang belum dideklarasi.
time: 0.002325
TP: 17
TN: 11
FP: 0
FN: 0
TP_C: 0
TN_C: 11
FP_C: 17
FN_C: 0
TP_S: 0
TN_S: 26
FP_S: 0
FN_S: 2
ACC: 1.000000
