"mketsmp" merupakan sebuah fungsi yang belum dideklarasi. Apakah yang dimaksud adalah "mktemp"?
"fial" merupakan sebuah fungsi yang belum dideklarasi. Apakah yang dimaksud adalah "fail"?
"unlnik" merupakan sebuah fungsi yang belum dideklarasi. Apakah yang dimaksud adalah "unlink"?
"fial" merupakan sebuah fungsi yang belum dideklarasi. Apakah yang dimaksud adalah "fail"?
"fial" merupakan sebuah fungsi yang belum dideklarasi. Apakah yang dimaksud adalah "fail"?
"fial" merupakan sebuah fungsi yang belum dideklarasi. Apakah yang dimaksud adalah "fail"?
"fial" merupakan sebuah fungsi yang belum dideklarasi. Apakah yang dimaksud adalah "fail"?
"fial" merupakan sebuah fungsi yang belum dideklarasi. Apakah yang dimaksud adalah "fail"?
"fial" merupakan sebuah fungsi yang belum dideklarasi. Apakah yang dimaksud adalah "fail"?
"malolc" merupakan sebuah fungsi yang belum dideklarasi. Apakah yang dimaksud adalah "malloc"?
"munamp" merupakan sebuah fungsi yang belum dideklarasi. Apakah yang dimaksud adalah "munmap"?
"fere" merupakan sebuah fungsi yang belum dideklarasi. Apakah yang dimaksud adalah "free"?
"mempcy" merupakan sebuah fungsi yang belum dideklarasi. Apakah yang dimaksud adalah "memcpy"?
time: 5.454892
TP: 13
TN: 7
FP: 0
FN: 0
TP_C: 12
TN_C: 7
FP_C: 1
FN_C: 0
TP_S: 0
TN_S: 20
FP_S: 0
FN_S: 0
ACC: 1.000000
