"ptus" merupakan sebuah fungsi yang belum dideklarasi.
"ptus" merupakan sebuah fungsi yang belum dideklarasi.
"ptus" merupakan sebuah fungsi yang belum dideklarasi.
"ptus" merupakan sebuah fungsi yang belum dideklarasi.
"rpintf" merupakan sebuah fungsi yang belum dideklarasi.
"rpintf" merupakan sebuah fungsi yang belum dideklarasi.
"rpintf" merupakan sebuah fungsi yang belum dideklarasi.
"ptus" merupakan sebuah fungsi yang belum dideklarasi.
"ptus" merupakan sebuah fungsi yang belum dideklarasi.
"ptus" merupakan sebuah fungsi yang belum dideklarasi.
"ptus" merupakan sebuah fungsi yang belum dideklarasi.
"ptus" merupakan sebuah fungsi yang belum dideklarasi.
"rpintf" merupakan sebuah fungsi yang belum dideklarasi.
"rpintf" merupakan sebuah fungsi yang belum dideklarasi.
"rpintf" merupakan sebuah fungsi yang belum dideklarasi.
"ptus" merupakan sebuah fungsi yang belum dideklarasi.
"ptus" merupakan sebuah fungsi yang belum dideklarasi.
"ptus" merupakan sebuah fungsi yang belum dideklarasi.
"ptus" merupakan sebuah fungsi yang belum dideklarasi.
"rpintf" merupakan sebuah fungsi yang belum dideklarasi.
"rpintf" merupakan sebuah fungsi yang belum dideklarasi.
"rpintf" merupakan sebuah fungsi yang belum dideklarasi.
"ptus" merupakan sebuah fungsi yang belum dideklarasi.
"ptus" merupakan sebuah fungsi yang belum dideklarasi.
"ptus" merupakan sebuah fungsi yang belum dideklarasi.
"ptus" merupakan sebuah fungsi yang belum dideklarasi.
"ptus" merupakan sebuah fungsi yang belum dideklarasi.
"ptus" merupakan sebuah fungsi yang belum dideklarasi.
"rpintf" merupakan sebuah fungsi yang belum dideklarasi.
"ptus" merupakan sebuah fungsi yang belum dideklarasi.
"rpintf" merupakan sebuah fungsi yang belum dideklarasi.
"topuper" merupakan sebuah fungsi yang belum dideklarasi.
"bjsrang" merupakan sebuah fungsi yang belum dideklarasi.
"spgPjg" merupakan sebuah fungsi yang belum dideklarasi.
"ptus" merupakan sebuah fungsi yang belum dideklarasi.
time: 0.000645
TP: 35
TN: 6
FP: 0
FN: 0
TP_C: 0
TN_C: 6
FP_C: 35
FN_C: 0
TP_S: 0
TN_S: 41
FP_S: 0
FN_S: 0
ACC: 1.000000
