"nriptf" merupakan sebuah fungsi yang belum dideklarasi. Apakah yang dimaksud adalah "printf"?
"nriptf" merupakan sebuah fungsi yang belum dideklarasi. Apakah yang dimaksud adalah "printf"?
"nriptf" merupakan sebuah fungsi yang belum dideklarasi. Apakah yang dimaksud adalah "printf"?
"nriptf" merupakan sebuah fungsi yang belum dideklarasi. Apakah yang dimaksud adalah "printf"?
"nriptf" merupakan sebuah fungsi yang belum dideklarasi. Apakah yang dimaksud adalah "printf"?
"getcahr" merupakan sebuah fungsi yang belum dideklarasi. Apakah yang dimaksud adalah "getchar"?
"nriptf" merupakan sebuah fungsi yang belum dideklarasi. Apakah yang dimaksud adalah "printf"?
"nriptf" merupakan sebuah fungsi yang belum dideklarasi. Apakah yang dimaksud adalah "printf"?
"nriptf" merupakan sebuah fungsi yang belum dideklarasi. Apakah yang dimaksud adalah "printf"?
"oclfse" merupakan sebuah fungsi yang belum dideklarasi. Apakah yang dimaksud adalah "fclose"?
"oclfse" merupakan sebuah fungsi yang belum dideklarasi. Apakah yang dimaksud adalah "fclose"?
"nriptf" merupakan sebuah fungsi yang belum dideklarasi. Apakah yang dimaksud adalah "printf"?
"nriptf" merupakan sebuah fungsi yang belum dideklarasi. Apakah yang dimaksud adalah "printf"?
"nriptf" merupakan sebuah fungsi yang belum dideklarasi. Apakah yang dimaksud adalah "printf"?
"nriptf" merupakan sebuah fungsi yang belum dideklarasi. Apakah yang dimaksud adalah "printf"?
time: 31.841715
TP: 15
TN: 6
FP: 0
FN: 0
TP_C: 15
TN_C: 6
FP_C: 0
FN_C: 0
TP_S: 0
TN_S: 21
FP_S: 0
FN_S: 0
ACC: 1.000000
