"toupepr" merupakan sebuah fungsi yang belum dideklarasi. Apakah yang dimaksud adalah "toupper"?
"apjak1" merupakan sebuah fungsi yang belum dideklarasi. Apakah yang dimaksud adalah "pajak1"?
"apjak2" merupakan sebuah fungsi yang belum dideklarasi. Apakah yang dimaksud adalah "pajak2"?
"apjak3" merupakan sebuah fungsi yang belum dideklarasi. Apakah yang dimaksud adalah "pajak3"?
"tyssem" merupakan sebuah fungsi yang belum dideklarasi. Apakah yang dimaksud adalah "system"?
"tyssem" merupakan sebuah fungsi yang belum dideklarasi. Apakah yang dimaksud adalah "system"?
time: 2.131222
TP: 6
TN: 0
FP: 0
FN: 1
TP_C: 2
TN_C: 1
FP_C: 4
FN_C: 0
TP_S: 0
TN_S: 4
FP_S: 0
FN_S: 3
ACC: 0.857143
