"nriptf" merupakan sebuah fungsi yang belum dideklarasi.
"nriptf" merupakan sebuah fungsi yang belum dideklarasi.
"nriptf" merupakan sebuah fungsi yang belum dideklarasi.
"nriptf" merupakan sebuah fungsi yang belum dideklarasi.
"nriptf" merupakan sebuah fungsi yang belum dideklarasi.
"getcahr" merupakan sebuah fungsi yang belum dideklarasi.
"nriptf" merupakan sebuah fungsi yang belum dideklarasi.
"nriptf" merupakan sebuah fungsi yang belum dideklarasi.
"nriptf" merupakan sebuah fungsi yang belum dideklarasi.
"oclfse" merupakan sebuah fungsi yang belum dideklarasi.
"oclfse" merupakan sebuah fungsi yang belum dideklarasi.
"nriptf" merupakan sebuah fungsi yang belum dideklarasi.
"nriptf" merupakan sebuah fungsi yang belum dideklarasi.
"nriptf" merupakan sebuah fungsi yang belum dideklarasi.
"nriptf" merupakan sebuah fungsi yang belum dideklarasi.
time: 0.000707
TP: 15
TN: 6
FP: 0
FN: 0
TP_C: 0
TN_C: 6
FP_C: 15
FN_C: 0
TP_S: 0
TN_S: 21
FP_S: 0
FN_S: 0
ACC: 1.000000
