"ptus" merupakan sebuah fungsi yang belum dideklarasi. Apakah yang dimaksud adalah "puts"?
"pritnf" merupakan sebuah fungsi yang belum dideklarasi. Apakah yang dimaksud adalah "printf"?
"pritnf" merupakan sebuah fungsi yang belum dideklarasi. Apakah yang dimaksud adalah "printf"?
"ptus" merupakan sebuah fungsi yang belum dideklarasi. Apakah yang dimaksud adalah "puts"?
"ptus" merupakan sebuah fungsi yang belum dideklarasi. Apakah yang dimaksud adalah "puts"?
"pritnf" merupakan sebuah fungsi yang belum dideklarasi. Apakah yang dimaksud adalah "printf"?
"pritnf" merupakan sebuah fungsi yang belum dideklarasi. Apakah yang dimaksud adalah "printf"?
time: 11.858373
TP: 7
TN: 2
FP: 0
FN: 0
TP_C: 7
TN_C: 2
FP_C: 0
FN_C: 0
TP_S: 0
TN_S: 9
FP_S: 0
FN_S: 0
ACC: 1.000000
