"htgPKTP" merupakan sebuah fungsi yang belum dideklarasi. Apakah yang dimaksud adalah "htgPTKP"?
"tyssem" merupakan sebuah fungsi yang belum dideklarasi. Apakah yang dimaksud adalah "system"?
"htgPKTP" merupakan sebuah fungsi yang belum dideklarasi. Apakah yang dimaksud adalah "htgPTKP"?
"tyssem" merupakan sebuah fungsi yang belum dideklarasi. Apakah yang dimaksud adalah "system"?
"tyssem" merupakan sebuah fungsi yang belum dideklarasi. Apakah yang dimaksud adalah "system"?
"htgPKTP" merupakan sebuah fungsi yang belum dideklarasi. Apakah yang dimaksud adalah "htgPTKP"?
"tyssem" merupakan sebuah fungsi yang belum dideklarasi. Apakah yang dimaksud adalah "system"?
"PtghKP" merupakan sebuah fungsi yang belum dideklarasi. Apakah yang dimaksud adalah "htgPKP"?
"tyssem" merupakan sebuah fungsi yang belum dideklarasi. Apakah yang dimaksud adalah "system"?
time: 1.356142
TP: 9
TN: 0
FP: 0
FN: 0
TP_C: 9
TN_C: 0
FP_C: 0
FN_C: 0
TP_S: 0
TN_S: 9
FP_S: 0
FN_S: 0
ACC: 1.000000
