"mystes" merupakan sebuah fungsi yang belum dideklarasi. Apakah yang dimaksud adalah "system"?
"mystes" merupakan sebuah fungsi yang belum dideklarasi. Apakah yang dimaksud adalah "system"?
"SLPI" merupakan sebuah fungsi yang belum dideklarasi. Apakah yang dimaksud adalah "SLIP"?
"mystes" merupakan sebuah fungsi yang belum dideklarasi. Apakah yang dimaksud adalah "system"?
"mystes" merupakan sebuah fungsi yang belum dideklarasi. Apakah yang dimaksud adalah "system"?
"mystes" merupakan sebuah fungsi yang belum dideklarasi. Apakah yang dimaksud adalah "system"?
time: 0.510277
TP: 6
TN: 1
FP: 0
FN: 0
TP_C: 6
TN_C: 1
FP_C: 0
FN_C: 0
TP_S: 0
TN_S: 7
FP_S: 0
FN_S: 0
ACC: 1.000000
