"ZZZZZn" merupakan sebuah fungsi yang belum dideklarasi.
"ZZZZZc" merupakan sebuah fungsi yang belum dideklarasi.
"ZZZZZy" merupakan sebuah fungsi yang belum dideklarasi.
"ZZZZZn" merupakan sebuah fungsi yang belum dideklarasi.
"ZZZZZn" merupakan sebuah fungsi yang belum dideklarasi.
"ZZZZZr" merupakan sebuah fungsi yang belum dideklarasi.
"ZZZZZve" merupakan sebuah fungsi yang belum dideklarasi.
"ZZZZZup" merupakan sebuah fungsi yang belum dideklarasi.
"Zmv" merupakan sebuah fungsi yang belum dideklarasi.
"ZZZZZf" merupakan sebuah fungsi yang belum dideklarasi.
"ZZef" merupakan sebuah fungsi yang belum dideklarasi.
time: 0.001328
TP: 11
TN: 0
FP: 0
FN: 0
TP_C: 0
TN_C: 0
FP_C: 11
FN_C: 0
TP_S: 0
TN_S: 11
FP_S: 0
FN_S: 0
ACC: 1.000000
