"ZZts" merupakan sebuah fungsi yang belum dideklarasi. Apakah yang dimaksud adalah "puts"?
"ZZts" merupakan sebuah fungsi yang belum dideklarasi. Apakah yang dimaksud adalah "puts"?
"ZZts" merupakan sebuah fungsi yang belum dideklarasi. Apakah yang dimaksud adalah "puts"?
"ZZts" merupakan sebuah fungsi yang belum dideklarasi. Apakah yang dimaksud adalah "puts"?
"ZZts" merupakan sebuah fungsi yang belum dideklarasi. Apakah yang dimaksud adalah "puts"?
"ZZts" merupakan sebuah fungsi yang belum dideklarasi. Apakah yang dimaksud adalah "puts"?
"ZZts" merupakan sebuah fungsi yang belum dideklarasi. Apakah yang dimaksud adalah "puts"?
"ZZts" merupakan sebuah fungsi yang belum dideklarasi. Apakah yang dimaksud adalah "puts"?
"ZZts" merupakan sebuah fungsi yang belum dideklarasi. Apakah yang dimaksud adalah "puts"?
"ZZts" merupakan sebuah fungsi yang belum dideklarasi. Apakah yang dimaksud adalah "puts"?
"ZZts" merupakan sebuah fungsi yang belum dideklarasi. Apakah yang dimaksud adalah "puts"?
"ZZts" merupakan sebuah fungsi yang belum dideklarasi. Apakah yang dimaksud adalah "puts"?
"ZZts" merupakan sebuah fungsi yang belum dideklarasi. Apakah yang dimaksud adalah "puts"?
"ZZts" merupakan sebuah fungsi yang belum dideklarasi. Apakah yang dimaksud adalah "puts"?
"ZZts" merupakan sebuah fungsi yang belum dideklarasi. Apakah yang dimaksud adalah "puts"?
"ZZts" merupakan sebuah fungsi yang belum dideklarasi. Apakah yang dimaksud adalah "puts"?
"ZZts" merupakan sebuah fungsi yang belum dideklarasi. Apakah yang dimaksud adalah "puts"?
"ZZts" merupakan sebuah fungsi yang belum dideklarasi. Apakah yang dimaksud adalah "puts"?
"ZZts" merupakan sebuah fungsi yang belum dideklarasi. Apakah yang dimaksud adalah "puts"?
"ZZts" merupakan sebuah fungsi yang belum dideklarasi. Apakah yang dimaksud adalah "puts"?
"ZZts" merupakan sebuah fungsi yang belum dideklarasi. Apakah yang dimaksud adalah "puts"?
"ZZZZf" merupakan sebuah fungsi yang belum dideklarasi.
"ZZZZZf" merupakan sebuah fungsi yang belum dideklarasi.
"ZZZZZf" merupakan sebuah fungsi yang belum dideklarasi.
"ZZZZZf" merupakan sebuah fungsi yang belum dideklarasi.
"ZZZZf" merupakan sebuah fungsi yang belum dideklarasi.
"ZZZZf" merupakan sebuah fungsi yang belum dideklarasi.
"ZZZZZf" merupakan sebuah fungsi yang belum dideklarasi.
"ZZZZZf" merupakan sebuah fungsi yang belum dideklarasi.
"ZZZZZf" merupakan sebuah fungsi yang belum dideklarasi.
"ZZZZf" merupakan sebuah fungsi yang belum dideklarasi.
"ZZZZZf" merupakan sebuah fungsi yang belum dideklarasi.
"ZZZZZf" merupakan sebuah fungsi yang belum dideklarasi.
"ZZZZZf" merupakan sebuah fungsi yang belum dideklarasi.
"ZZZZZf" merupakan sebuah fungsi yang belum dideklarasi.
"ZZZZf" merupakan sebuah fungsi yang belum dideklarasi.
"ZZZZZf" merupakan sebuah fungsi yang belum dideklarasi.
"ZZZZZer" merupakan sebuah fungsi yang belum dideklarasi.
"ZZZZZng" merupakan sebuah fungsi yang belum dideklarasi.
"ZZZZZg" merupakan sebuah fungsi yang belum dideklarasi.
"ZZZZr" merupakan sebuah fungsi yang belum dideklarasi.
time: 0.002285
TP: 41
TN: 0
FP: 0
FN: 0
TP_C: 21
TN_C: 0
FP_C: 20
FN_C: 0
TP_S: 0
TN_S: 41
FP_S: 0
FN_S: 0
ACC: 1.000000
