"ZZZZZf" merupakan sebuah fungsi yang belum dideklarasi.
"ZZps" merupakan sebuah fungsi yang belum dideklarasi.
"ZZZZZf" merupakan sebuah fungsi yang belum dideklarasi.
"ZZZZZf" merupakan sebuah fungsi yang belum dideklarasi.
"ZZps" merupakan sebuah fungsi yang belum dideklarasi.
"ZZZZf" merupakan sebuah fungsi yang belum dideklarasi.
"ZZps" merupakan sebuah fungsi yang belum dideklarasi.
"ZZZZf" merupakan sebuah fungsi yang belum dideklarasi.
"ZZps" merupakan sebuah fungsi yang belum dideklarasi.
"ZZZZf" merupakan sebuah fungsi yang belum dideklarasi.
"ZZZZZPt" merupakan sebuah fungsi yang belum dideklarasi.
time: 0.000443
TP: 11
TN: 0
FP: 0
FN: 0
TP_C: 0
TN_C: 0
FP_C: 11
FN_C: 0
TP_S: 0
TN_S: 11
FP_S: 0
FN_S: 0
ACC: 1.000000
