"ZZZZZmp" merupakan sebuah fungsi yang belum dideklarasi.
"ZZif" merupakan sebuah fungsi yang belum dideklarasi.
"ZZZZZk" merupakan sebuah fungsi yang belum dideklarasi.
"ZZif" merupakan sebuah fungsi yang belum dideklarasi.
"ZZZZZcate" merupakan sebuah fungsi yang belum dideklarasi.
"ZZif" merupakan sebuah fungsi yang belum dideklarasi.
"ZZif" merupakan sebuah fungsi yang belum dideklarasi.
"ZZif" merupakan sebuah fungsi yang belum dideklarasi.
"ZZif" merupakan sebuah fungsi yang belum dideklarasi.
"ZZZZe" merupakan sebuah fungsi yang belum dideklarasi.
"ZZif" merupakan sebuah fungsi yang belum dideklarasi.
"ZZZZZc" merupakan sebuah fungsi yang belum dideklarasi.
"ZZZZZp" merupakan sebuah fungsi yang belum dideklarasi.
"ZZef" merupakan sebuah fungsi yang belum dideklarasi.
"ZZZZZueedspacs" merupakan sebuah fungsi yang belum dideklarasi.
"ZZZZZunusedspace" merupakan sebuah fungsi yang belum dideklarasi.
"ZZZZZunusedspace" merupakan sebuah fungsi yang belum dideklarasi.
"ZZZZZy" merupakan sebuah fungsi yang belum dideklarasi.
"ZZZZZys_empti" merupakan sebuah fungsi yang belum dideklarasi.
"ZZZZZys_empti" merupakan sebuah fungsi yang belum dideklarasi.
time: 0.003318
TP: 20
TN: 0
FP: 0
FN: 0
TP_C: 0
TN_C: 0
FP_C: 20
FN_C: 0
TP_S: 0
TN_S: 20
FP_S: 0
FN_S: 0
ACC: 1.000000
