"ZZZZZf" merupakan sebuah fungsi yang belum dideklarasi.
"ZZZZZf" merupakan sebuah fungsi yang belum dideklarasi.
"ZZZZZf" merupakan sebuah fungsi yang belum dideklarasi.
"ZZZZZf" merupakan sebuah fungsi yang belum dideklarasi.
"ZZZZZf" merupakan sebuah fungsi yang belum dideklarasi.
"ZZZZZf" merupakan sebuah fungsi yang belum dideklarasi.
"ZZtp" merupakan sebuah fungsi yang belum dideklarasi.
"ZZtp" merupakan sebuah fungsi yang belum dideklarasi.
"ZZtp" merupakan sebuah fungsi yang belum dideklarasi.
"ZZZZf" merupakan sebuah fungsi yang belum dideklarasi.
"ZZZZZer" merupakan sebuah fungsi yang belum dideklarasi.
"ZZtp" merupakan sebuah fungsi yang belum dideklarasi.
"ZZZZf" merupakan sebuah fungsi yang belum dideklarasi.
"ZZZZZkr" merupakan sebuah fungsi yang belum dideklarasi.
"ZZtp" merupakan sebuah fungsi yang belum dideklarasi.
"ZZZZf" merupakan sebuah fungsi yang belum dideklarasi.
"ZZtp" merupakan sebuah fungsi yang belum dideklarasi.
"ZZZZf" merupakan sebuah fungsi yang belum dideklarasi.
"ZZZZZg" merupakan sebuah fungsi yang belum dideklarasi.
"ZZtp" merupakan sebuah fungsi yang belum dideklarasi.
"ZZZZf" merupakan sebuah fungsi yang belum dideklarasi.
"ZZZZr" merupakan sebuah fungsi yang belum dideklarasi.
"ZZtp" merupakan sebuah fungsi yang belum dideklarasi.
time: 0.000613
TP: 23
TN: 0
FP: 0
FN: 0
TP_C: 0
TN_C: 0
FP_C: 23
FN_C: 0
TP_S: 0
TN_S: 23
FP_S: 0
FN_S: 0
ACC: 1.000000
