"ZZZZp" merupakan sebuah fungsi yang belum dideklarasi.
"ZZZZw" merupakan sebuah fungsi yang belum dideklarasi.
"ZZZZZn" merupakan sebuah fungsi yang belum dideklarasi.
"ZZnm" merupakan sebuah fungsi yang belum dideklarasi.
"ZZnm" merupakan sebuah fungsi yang belum dideklarasi.
"ZZZZZf" merupakan sebuah fungsi yang belum dideklarasi.
"ZZZZZd" merupakan sebuah fungsi yang belum dideklarasi.
time: 0.000755
TP: 7
TN: 0
FP: 0
FN: 0
TP_C: 0
TN_C: 0
FP_C: 7
FN_C: 0
TP_S: 0
TN_S: 6
FP_S: 0
FN_S: 1
ACC: 1.000000
