"ZZZZZii" merupakan sebuah fungsi yang belum dideklarasi.
"ZZZZl" merupakan sebuah fungsi yang belum dideklarasi.
"ZZZZZd" merupakan sebuah fungsi yang belum dideklarasi.
"ZZZZx" merupakan sebuah fungsi yang belum dideklarasi.
"ZZZZZl" merupakan sebuah fungsi yang belum dideklarasi.
"ZZZZn" merupakan sebuah fungsi yang belum dideklarasi.
"ZZZZZize" merupakan sebuah fungsi yang belum dideklarasi.
"ZZZZZc" merupakan sebuah fungsi yang belum dideklarasi.
"ZZZZd" merupakan sebuah fungsi yang belum dideklarasi.
"ZZZZZd" merupakan sebuah fungsi yang belum dideklarasi.
"ZZZZZe" merupakan sebuah fungsi yang belum dideklarasi.
"ZZfe" merupakan sebuah fungsi yang belum dideklarasi.
"ZZZZZd" merupakan sebuah fungsi yang belum dideklarasi.
"ZZZZZe" merupakan sebuah fungsi yang belum dideklarasi.
"ZZZZZerr" merupakan sebuah fungsi yang belum dideklarasi.
"ZZZZZd" merupakan sebuah fungsi yang belum dideklarasi.
"ZZZZd" merupakan sebuah fungsi yang belum dideklarasi.
"ZZZZZr" merupakan sebuah fungsi yang belum dideklarasi.
"ZZZZZerr" merupakan sebuah fungsi yang belum dideklarasi.
"ZZZZx" merupakan sebuah fungsi yang belum dideklarasi.
"ZZZZZih" merupakan sebuah fungsi yang belum dideklarasi.
"ZZZZc" merupakan sebuah fungsi yang belum dideklarasi.
"ZZZZZntf" merupakan sebuah fungsi yang belum dideklarasi.
"ZZZZZutchap" merupakan sebuah fungsi yang belum dideklarasi.
"ZZZZZutchap" merupakan sebuah fungsi yang belum dideklarasi.
time: 0.001937
TP: 25
TN: 0
FP: 0
FN: 0
TP_C: 0
TN_C: 0
FP_C: 25
FN_C: 0
TP_S: 0
TN_S: 25
FP_S: 0
FN_S: 0
ACC: 1.000000
