"Zmn" merupakan sebuah fungsi yang belum dideklarasi.
"Zmx" merupakan sebuah fungsi yang belum dideklarasi.
"Zmx" merupakan sebuah fungsi yang belum dideklarasi.
"ZZZZZjaBruto" merupakan sebuah fungsi yang belum dideklarasi.
"ZZZZZayaJibatan" merupakan sebuah fungsi yang belum dideklarasi.
"ZZZZZPns" merupakan sebuah fungsi yang belum dideklarasi.
"ZZZZZKh" merupakan sebuah fungsi yang belum dideklarasi.
"ZZZZZP" merupakan sebuah fungsi yang belum dideklarasi.
"ZZZZZjak" merupakan sebuah fungsi yang belum dideklarasi.
"ZZZZZam" merupakan sebuah fungsi yang belum dideklarasi.
time: 0.000115
TP: 10
TN: 0
FP: 0
FN: 0
TP_C: 0
TN_C: 0
FP_C: 10
FN_C: 0
TP_S: 0
TN_S: 10
FP_S: 0
FN_S: 0
ACC: 1.000000
