"ZZZZZn" merupakan sebuah fungsi yang belum dideklarasi.
"ZZZZZwer" merupakan sebuah fungsi yang belum dideklarasi.
"ZZZZZn" merupakan sebuah fungsi yang belum dideklarasi.
"ZZZZZper" merupakan sebuah fungsi yang belum dideklarasi.
"ZZZZZn" merupakan sebuah fungsi yang belum dideklarasi.
"ZZZZZp" merupakan sebuah fungsi yang belum dideklarasi.
"ZZZZZve" merupakan sebuah fungsi yang belum dideklarasi.
"ZZZZZwer" merupakan sebuah fungsi yang belum dideklarasi.
time: 0.000295
TP: 8
TN: 0
FP: 0
FN: 0
TP_C: 0
TN_C: 0
FP_C: 8
FN_C: 0
TP_S: 0
TN_S: 8
FP_S: 0
FN_S: 0
ACC: 1.000000
