"ZZst" merupakan sebuah fungsi yang belum dideklarasi.
"ZZZZZv" merupakan sebuah fungsi yang belum dideklarasi.
"ZZZZZrictory" merupakan sebuah fungsi yang belum dideklarasi.
"ZZZZZp" merupakan sebuah fungsi yang belum dideklarasi.
"ZZZZZrictory" merupakan sebuah fungsi yang belum dideklarasi.
"ZZZZZp" merupakan sebuah fungsi yang belum dideklarasi.
"ZZZZZd" merupakan sebuah fungsi yang belum dideklarasi.
"ZZZZZp" merupakan sebuah fungsi yang belum dideklarasi.
time: 0.001733
TP: 8
TN: 0
FP: 0
FN: 0
TP_C: 0
TN_C: 0
FP_C: 8
FN_C: 0
TP_S: 0
TN_S: 8
FP_S: 0
FN_S: 0
ACC: 1.000000
