"ZZZZZii" merupakan sebuah fungsi yang belum dideklarasi.
"ZZZZZii" merupakan sebuah fungsi yang belum dideklarasi.
"ZZZZZii" merupakan sebuah fungsi yang belum dideklarasi.
"ZZZZZii" merupakan sebuah fungsi yang belum dideklarasi.
"ZZZZZt" merupakan sebuah fungsi yang belum dideklarasi.
"ZZZZZdict" merupakan sebuah fungsi yang belum dideklarasi.
"ZZZZZt_hac_next" merupakan sebuah fungsi yang belum dideklarasi.
"ZZZZZt_gec_next" merupakan sebuah fungsi yang belum dideklarasi.
"ZZZZZlist" merupakan sebuah fungsi yang belum dideklarasi.
"ZZZZZt_has_next" merupakan sebuah fungsi yang belum dideklarasi.
"ZZZZZt_ges_next" merupakan sebuah fungsi yang belum dideklarasi.
"ZZZZZstrin_" merupakan sebuah fungsi yang belum dideklarasi.
"ZZZZZibg_value" merupakan sebuah fungsi yang belum dideklarasi.
"ZZZZZint" merupakan sebuah fungsi yang belum dideklarasi.
"ZZZZZii" merupakan sebuah fungsi yang belum dideklarasi.
"ZZZZZii" merupakan sebuah fungsi yang belum dideklarasi.
"ZZZZZt" merupakan sebuah fungsi yang belum dideklarasi.
"ZZZZZt" merupakan sebuah fungsi yang belum dideklarasi.
"ZZZZZf" merupakan sebuah fungsi yang belum dideklarasi.
"ZZZZZt" merupakan sebuah fungsi yang belum dideklarasi.
"ZZZZZy" merupakan sebuah fungsi yang belum dideklarasi.
"ZZZZZnb" merupakan sebuah fungsi yang belum dideklarasi.
"ZZZZZt_hac_next" merupakan sebuah fungsi yang belum dideklarasi.
"ZZZZZt_gec_next" merupakan sebuah fungsi yang belum dideklarasi.
TP: 24
TN: 0
FP: 0
FN: 0
ACC: 1.000000
