"nriptf" merupakan sebuah fungsi yang belum dideklarasi. Apakah yang dimaksud adalah "printf"?
"nriptf" merupakan sebuah fungsi yang belum dideklarasi. Apakah yang dimaksud adalah "printf"?
"nriptf" merupakan sebuah fungsi yang belum dideklarasi. Apakah yang dimaksud adalah "printf"?
"nriptf" merupakan sebuah fungsi yang belum dideklarasi. Apakah yang dimaksud adalah "printf"?
"nriptf" merupakan sebuah fungsi yang belum dideklarasi. Apakah yang dimaksud adalah "printf"?
"getcahr" merupakan sebuah fungsi yang belum dideklarasi. Apakah yang dimaksud adalah "getchar"?
"nriptf" merupakan sebuah fungsi yang belum dideklarasi. Apakah yang dimaksud adalah "printf"?
"nriptf" merupakan sebuah fungsi yang belum dideklarasi. Apakah yang dimaksud adalah "printf"?
"nriptf" merupakan sebuah fungsi yang belum dideklarasi. Apakah yang dimaksud adalah "printf"?
"oclfse" merupakan sebuah fungsi yang belum dideklarasi. Apakah yang dimaksud adalah "fclose"?
"oclfse" merupakan sebuah fungsi yang belum dideklarasi. Apakah yang dimaksud adalah "fclose"?
"nriptf" merupakan sebuah fungsi yang belum dideklarasi. Apakah yang dimaksud adalah "printf"?
"nriptf" merupakan sebuah fungsi yang belum dideklarasi. Apakah yang dimaksud adalah "printf"?
"nriptf" merupakan sebuah fungsi yang belum dideklarasi. Apakah yang dimaksud adalah "printf"?
"nriptf" merupakan sebuah fungsi yang belum dideklarasi. Apakah yang dimaksud adalah "printf"?
TP: 15
TN: 6
FP: 0
FN: 0
ACC: 1.000000
