"Zin" merupakan sebuah fungsi yang belum dideklarasi. Apakah yang dimaksud adalah "min"?
"ZZZZZjiaruto" merupakan sebuah fungsi yang belum dideklarasi.
"ZZZZZayaJabatan" merupakan sebuah fungsi yang belum dideklarasi.
"ZZZZZPns" merupakan sebuah fungsi yang belum dideklarasi.
"ZZZZZKP" merupakan sebuah fungsi yang belum dideklarasi.
"ZZZZZP" merupakan sebuah fungsi yang belum dideklarasi.
"ZZZZZjak" merupakan sebuah fungsi yang belum dideklarasi.
"ZZZZZak" merupakan sebuah fungsi yang belum dideklarasi.
time: 0.000041
TP: 8
TN: 0
FP: 0
FN: 0
TP_C: 1
TN_C: 0
FP_C: 7
FN_C: 0
TP_S: 0
TN_S: 8
FP_S: 0
FN_S: 0
ACC: 1.000000
