"ZZZZn" merupakan sebuah fungsi yang belum dideklarasi.
"ZZZZZtf" merupakan sebuah fungsi yang belum dideklarasi.
"ZZZZZtf" merupakan sebuah fungsi yang belum dideklarasi.
"ZZZZZtf" merupakan sebuah fungsi yang belum dideklarasi.
"ZZZZZc" merupakan sebuah fungsi yang belum dideklarasi.
"ZZZZZtf" merupakan sebuah fungsi yang belum dideklarasi.
"ZZZZZtf" merupakan sebuah fungsi yang belum dideklarasi.
"ZZfe" merupakan sebuah fungsi yang belum dideklarasi.
"ZZZZZstrl" merupakan sebuah fungsi yang belum dideklarasi.
time: 0.001274
TP: 9
TN: 1
FP: 0
FN: 0
TP_C: 0
TN_C: 1
FP_C: 9
FN_C: 0
TP_S: 0
TN_S: 10
FP_S: 0
FN_S: 0
ACC: 1.000000
