"ZZZZZt" merupakan sebuah fungsi yang belum dideklarasi.
"ZZZZZt" merupakan sebuah fungsi yang belum dideklarasi.
"ZZZZZt" merupakan sebuah fungsi yang belum dideklarasi.
"ZZZZZt" merupakan sebuah fungsi yang belum dideklarasi.
"ZZZZZa" merupakan sebuah fungsi yang belum dideklarasi.
"ZZee" merupakan sebuah fungsi yang belum dideklarasi.
"ZZZZZtn" merupakan sebuah fungsi yang belum dideklarasi.
"ZZee" merupakan sebuah fungsi yang belum dideklarasi.
"ZZZZZt" merupakan sebuah fungsi yang belum dideklarasi.
"ZZee" merupakan sebuah fungsi yang belum dideklarasi.
"ZZee" merupakan sebuah fungsi yang belum dideklarasi.
"ZZZZZat_" merupakan sebuah fungsi yang belum dideklarasi.
"ZZZZZe" merupakan sebuah fungsi yang belum dideklarasi.
time: 0.001885
TP: 13
TN: 0
FP: 0
FN: 0
TP_C: 0
TN_C: 0
FP_C: 13
FN_C: 0
TP_S: 0
TN_S: 12
FP_S: 0
FN_S: 1
ACC: 1.000000
