"ZZZZZtf" merupakan sebuah fungsi yang belum dideklarasi.
"ZZZZZr" merupakan sebuah fungsi yang belum dideklarasi.
"ZZZZn" merupakan sebuah fungsi yang belum dideklarasi.
"ZZZZZe" merupakan sebuah fungsi yang belum dideklarasi.
"ZZZZZo" merupakan sebuah fungsi yang belum dideklarasi.
"ZZZZZcate" merupakan sebuah fungsi yang belum dideklarasi.
"ZZeo" merupakan sebuah fungsi yang belum dideklarasi.
"ZZZZZcate" merupakan sebuah fungsi yang belum dideklarasi.
"ZZZZe" merupakan sebuah fungsi yang belum dideklarasi.
"ZZZZZate" merupakan sebuah fungsi yang belum dideklarasi.
"ZZZZn" merupakan sebuah fungsi yang belum dideklarasi.
"ZZZZZo" merupakan sebuah fungsi yang belum dideklarasi.
"ZZZZZn" merupakan sebuah fungsi yang belum dideklarasi.
"ZZZZZn" merupakan sebuah fungsi yang belum dideklarasi.
"ZZZZZen" merupakan sebuah fungsi yang belum dideklarasi.
"ZZZZZen" merupakan sebuah fungsi yang belum dideklarasi.
"ZZZZZe" merupakan sebuah fungsi yang belum dideklarasi.
"ZZZZZen" merupakan sebuah fungsi yang belum dideklarasi.
"ZZZZZe" merupakan sebuah fungsi yang belum dideklarasi.
"ZZZZZen" merupakan sebuah fungsi yang belum dideklarasi.
"ZZZZZwritn" merupakan sebuah fungsi yang belum dideklarasi.
"ZZZZZe" merupakan sebuah fungsi yang belum dideklarasi.
"ZZZZZrite" merupakan sebuah fungsi yang belum dideklarasi.
"ZZZZZn" merupakan sebuah fungsi yang belum dideklarasi.
"ZZZZZwritn" merupakan sebuah fungsi yang belum dideklarasi.
"ZZZZZn" merupakan sebuah fungsi yang belum dideklarasi.
"ZZZZr" merupakan sebuah fungsi yang belum dideklarasi.
"ZZZZr" merupakan sebuah fungsi yang belum dideklarasi.
time: 0.002588
TP: 28
TN: 0
FP: 0
FN: 0
TP_C: 0
TN_C: 0
FP_C: 28
FN_C: 0
TP_S: 0
TN_S: 26
FP_S: 0
FN_S: 2
ACC: 1.000000
