"ZZZZZe" merupakan sebuah fungsi yang belum dideklarasi.
"ZZZZZ_ml" merupakan sebuah fungsi yang belum dideklarasi.
"ZZZZZe" merupakan sebuah fungsi yang belum dideklarasi.
"ZZPI" merupakan sebuah fungsi yang belum dideklarasi.
"ZZZZZe" merupakan sebuah fungsi yang belum dideklarasi.
"ZZZZZe" merupakan sebuah fungsi yang belum dideklarasi.
"ZZZZZe" merupakan sebuah fungsi yang belum dideklarasi.
time: 0.000280
TP: 7
TN: 0
FP: 0
FN: 0
TP_C: 0
TN_C: 0
FP_C: 7
FN_C: 0
TP_S: 0
TN_S: 7
FP_S: 0
FN_S: 0
ACC: 1.000000
