"ZZZZZr" merupakan sebuah fungsi yang belum dideklarasi.
"ZZZZn" merupakan sebuah fungsi yang belum dideklarasi.
"ZZZZZr" merupakan sebuah fungsi yang belum dideklarasi.
"ZZZZZr" merupakan sebuah fungsi yang belum dideklarasi.
"ZZZZZr" merupakan sebuah fungsi yang belum dideklarasi.
"ZZZZn" merupakan sebuah fungsi yang belum dideklarasi.
"ZZZZZr" merupakan sebuah fungsi yang belum dideklarasi.
"ZZZZZah" merupakan sebuah fungsi yang belum dideklarasi.
"ZZZZZr" merupakan sebuah fungsi yang belum dideklarasi.
"ZZZZn" merupakan sebuah fungsi yang belum dideklarasi.
"ZZZZZr" merupakan sebuah fungsi yang belum dideklarasi.
"ZZZZn" merupakan sebuah fungsi yang belum dideklarasi.
"ZZZZe" merupakan sebuah fungsi yang belum dideklarasi.
"ZZZZe" merupakan sebuah fungsi yang belum dideklarasi.
"ZZZZZr" merupakan sebuah fungsi yang belum dideklarasi.
"ZZZZZc" merupakan sebuah fungsi yang belum dideklarasi.
"ZZZZZc" merupakan sebuah fungsi yang belum dideklarasi.
"ZZZZZr" merupakan sebuah fungsi yang belum dideklarasi.
"ZZZZZr" merupakan sebuah fungsi yang belum dideklarasi.
"ZZZZZr" merupakan sebuah fungsi yang belum dideklarasi.
"ZZZZZr" merupakan sebuah fungsi yang belum dideklarasi.
time: 0.000703
TP: 21
TN: 0
FP: 0
FN: 0
TP_C: 0
TN_C: 0
FP_C: 21
FN_C: 0
TP_S: 0
TN_S: 21
FP_S: 0
FN_S: 0
ACC: 1.000000
