"Zni" merupakan sebuah fungsi yang belum dideklarasi.
"ZZZZZjiBruot" merupakan sebuah fungsi yang belum dideklarasi.
"ZZZZZayaiabatan" merupakan sebuah fungsi yang belum dideklarasi.
"ZZZZZPnt" merupakan sebuah fungsi yang belum dideklarasi.
"ZZZZZKP" merupakan sebuah fungsi yang belum dideklarasi.
"ZZZZZK" merupakan sebuah fungsi yang belum dideklarasi.
"ZZZZZjag" merupakan sebuah fungsi yang belum dideklarasi.
"ZZZZZak" merupakan sebuah fungsi yang belum dideklarasi.
time: 0.000093
TP: 8
TN: 0
FP: 0
FN: 0
TP_C: 0
TN_C: 0
FP_C: 8
FN_C: 0
TP_S: 0
TN_S: 8
FP_S: 0
FN_S: 0
ACC: 1.000000
